<?xml version="1.0" encoding="UTF-8"?>
<testng-results skipped="0" failed="0" ignored="0" total="0" passed="0">
  <reporter-output>
  </reporter-output>
  <suite name="coffeeBeansCodingChallenge_1" duration-ms="11" started-at="2020-07-20T08:35:02Z" finished-at="2020-07-20T08:35:02Z">
    <groups>
    </groups>
    <test name="CleartripTest" duration-ms="11" started-at="2020-07-20T08:35:02Z" finished-at="2020-07-20T08:35:02Z">
    </test> <!-- CleartripTest -->
  </suite> <!-- coffeeBeansCodingChallenge_1 -->
</testng-results>
